[INFO] 15:15:13:821 KERNEL/(6226:6226): NUCLEO: pide variable Global
[INFO] 15:15:14:331 KERNEL/(6226:6226): NUCLEO: pide variable UnaVar
[INFO] 15:15:14:856 KERNEL/(6226:6226): NUCLEO: pide variable UnaVar
[INFO] 15:15:15:363 KERNEL/(6226:6226): NUCLEO: pide variable tiempo3
[INFO] 15:15:16:377 KERNEL/(6226:6226): NUCLEO: pide variable Global
[INFO] 15:18:28:601 KERNEL/(6324:6324): NUCLEO: pide variable Global
[INFO] 15:18:29:124 KERNEL/(6324:6324): NUCLEO: pide variable UnaVar
[INFO] 15:18:29:647 KERNEL/(6324:6324): NUCLEO: pide variable UnaVar
[INFO] 15:18:30:159 KERNEL/(6324:6324): NUCLEO: pide variable tiempo3
[INFO] 15:18:31:195 KERNEL/(6324:6324): NUCLEO: pide variable Global
[INFO] 15:18:32:236 KERNEL/(6324:6324): NUCLEO: pide variable UnaVar
[INFO] 15:29:51:297 KERNEL/(6646:6646): NUCLEO: pide variable Global
[INFO] 15:29:51:814 KERNEL/(6646:6646): NUCLEO: pide variable UnaVar
[INFO] 15:29:52:336 KERNEL/(6646:6646): NUCLEO: pide variable UnaVar
[INFO] 15:29:52:855 KERNEL/(6646:6646): NUCLEO: pide variable tiempo3
[INFO] 15:29:53:890 KERNEL/(6646:6646): NUCLEO: pide variable Global
[INFO] 15:29:54:931 KERNEL/(6646:6646): NUCLEO: pide variable UnaVar
[INFO] 15:30:40:815 KERNEL/(6681:6681): NUCLEO: pide variable Global
[INFO] 15:30:41:345 KERNEL/(6681:6681): NUCLEO: pide variable UnaVar
[INFO] 15:30:41:882 KERNEL/(6681:6681): NUCLEO: pide variable UnaVar
[INFO] 15:30:42:407 KERNEL/(6681:6681): NUCLEO: pide variable tiempo3
[INFO] 15:30:43:470 KERNEL/(6681:6681): NUCLEO: pide variable Global
[INFO] 15:30:44:518 KERNEL/(6681:6681): NUCLEO: pide variable UnaVar
[INFO] 15:32:30:185 KERNEL/(6713:6713): NUCLEO: pide variable Global
[INFO] 15:32:30:700 KERNEL/(6713:6713): NUCLEO: pide variable UnaVar
[INFO] 15:33:45:964 KERNEL/(6751:6751): NUCLEO: pide variable Global
[INFO] 15:33:46:485 KERNEL/(6751:6751): NUCLEO: pide variable UnaVar
[INFO] 15:33:46:994 KERNEL/(6751:6751): NUCLEO: pide variable UnaVar
[INFO] 15:33:47:511 KERNEL/(6751:6751): NUCLEO: pide variable tiempo3
[INFO] 15:33:48:532 KERNEL/(6751:6751): NUCLEO: pide variable Global
[INFO] 15:33:49:561 KERNEL/(6751:6751): NUCLEO: pide variable UnaVar
[INFO] 15:35:47:288 KERNEL/(6785:6785): NUCLEO: pide variable Global
[INFO] 15:35:47:803 KERNEL/(6785:6785): NUCLEO: pide variable UnaVar
[INFO] 15:35:48:310 KERNEL/(6785:6785): NUCLEO: pide variable UnaVar
[INFO] 15:35:48:821 KERNEL/(6785:6785): NUCLEO: pide variable tiempo3
[INFO] 15:35:49:859 KERNEL/(6785:6785): NUCLEO: pide variable Global
[INFO] 15:36:36:49 KERNEL/(6825:6825): NUCLEO: pide variable Global
[INFO] 15:36:36:556 KERNEL/(6825:6825): NUCLEO: pide variable UnaVar
[INFO] 15:36:37:73 KERNEL/(6825:6825): NUCLEO: pide variable UnaVar
[INFO] 15:36:37:592 KERNEL/(6825:6825): NUCLEO: pide variable tiempo3
[INFO] 15:36:38:115 KERNEL/(6825:6825): NUCLEO: pide variable UnaVar
[INFO] 15:36:38:627 KERNEL/(6825:6825): NUCLEO: pide variable UnaVar
[INFO] 15:36:39:154 KERNEL/(6825:6825): NUCLEO: pide variable tiempo3
[INFO] 15:36:39:666 KERNEL/(6825:6825): NUCLEO: pide variable UnaVar
[INFO] 15:36:40:183 KERNEL/(6825:6825): NUCLEO: pide variable UnaVar
[INFO] 15:36:40:697 KERNEL/(6825:6825): NUCLEO: pide variable tiempo3
[INFO] 15:36:41:218 KERNEL/(6825:6825): NUCLEO: pide variable UnaVar
[INFO] 15:36:41:733 KERNEL/(6825:6825): NUCLEO: pide variable UnaVar
[INFO] 15:39:06:14 KERNEL/(6859:6859): NUCLEO: pide variable Global
[INFO] 15:39:06:526 KERNEL/(6859:6859): NUCLEO: pide variable UnaVar
[INFO] 15:39:07:35 KERNEL/(6859:6859): NUCLEO: pide variable UnaVar
[INFO] 15:39:07:545 KERNEL/(6859:6859): NUCLEO: pide variable tiempo3
[INFO] 15:39:08:573 KERNEL/(6859:6859): NUCLEO: pide variable Global
[INFO] 15:39:09:85 KERNEL/(6859:6859): NUCLEO: pide variable UnaVar
[INFO] 15:39:09:602 KERNEL/(6859:6859): NUCLEO: pide variable UnaVar
[INFO] 15:39:10:115 KERNEL/(6859:6859): NUCLEO: pide variable tiempo3
[INFO] 15:39:11:148 KERNEL/(6859:6859): NUCLEO: pide variable Global
[INFO] 15:39:11:668 KERNEL/(6859:6859): NUCLEO: pide variable UnaVar
[INFO] 15:39:12:193 KERNEL/(6859:6859): NUCLEO: pide variable UnaVar
[INFO] 15:39:12:709 KERNEL/(6859:6859): NUCLEO: pide variable tiempo3
[INFO] 15:39:13:744 KERNEL/(6859:6859): NUCLEO: pide variable Global
[INFO] 15:39:14:265 KERNEL/(6859:6859): NUCLEO: pide variable UnaVar
[INFO] 15:39:14:773 KERNEL/(6859:6859): NUCLEO: pide variable UnaVar
[INFO] 15:39:15:293 KERNEL/(6859:6859): NUCLEO: pide variable tiempo3
[INFO] 15:39:16:331 KERNEL/(6859:6859): NUCLEO: pide variable Global
[INFO] 15:39:16:844 KERNEL/(6859:6859): NUCLEO: pide variable UnaVar
[INFO] 15:39:17:370 KERNEL/(6859:6859): NUCLEO: pide variable UnaVar
[INFO] 15:39:17:892 KERNEL/(6859:6859): NUCLEO: pide variable tiempo3
[INFO] 15:39:18:920 KERNEL/(6859:6859): NUCLEO: pide variable Global
[INFO] 15:39:19:445 KERNEL/(6859:6859): NUCLEO: pide variable UnaVar
[INFO] 15:39:19:958 KERNEL/(6859:6859): NUCLEO: pide variable UnaVar
[INFO] 15:39:20:480 KERNEL/(6859:6859): NUCLEO: pide variable tiempo3
[INFO] 15:41:12:500 KERNEL/(6891:6891): NUCLEO: pide variable Global
[INFO] 15:41:13:5 KERNEL/(6891:6891): NUCLEO: pide variable UnaVar
[INFO] 15:41:13:516 KERNEL/(6891:6891): NUCLEO: pide variable UnaVar
[INFO] 15:41:14:20 KERNEL/(6891:6891): NUCLEO: pide variable tiempo3
[INFO] 15:41:15:567 KERNEL/(6891:6891): NUCLEO: pide variable Global
[INFO] 15:41:16:72 KERNEL/(6891:6891): NUCLEO: pide variable Global
[INFO] 15:41:16:577 KERNEL/(6891:6891): NUCLEO: pide variable UnaVar
[INFO] 15:41:17:90 KERNEL/(6891:6891): NUCLEO: pide variable Global
[INFO] 22:46:34:880 KERNEL/(26477:26477): NUCLEO: Abortado x consola, en exec, espero que termine de trabajar
[INFO] 22:52:16:153 KERNEL/(26644:26644): NUCLEO: Abortado x consola, en exec, espero que termine de trabajar
[INFO] 22:56:33:236 KERNEL/(26753:26753): NUCLEO: Abortado x consola, en exec, espero que termine de trabajar
[INFO] 23:42:40:679 KERNEL/(28191:28191): NUCLEO: Abortado x consola, en semaforo
[INFO] 00:06:04:504 KERNEL/(28732:28732): NUCLEO: Abortado x consola, en semaforo
[INFO] 00:07:29:96 KERNEL/(28732:28732): NUCLEO: Abortado x consola, en semaforo
